\BOOKMARK [0][-]{chapter*.5}{Mission}{}% 1
\BOOKMARK [0][-]{chapter*.6}{Document Preparation and Updates}{}% 2
\BOOKMARK [0][-]{chapter.1}{Overview and concept of operations}{}% 3
\BOOKMARK [1][-]{section.1.1}{Scope}{chapter.1}% 4
\BOOKMARK [1][-]{section.1.2}{Purpose}{chapter.1}% 5
\BOOKMARK [2][-]{subsection.1.2.1}{Major System Component \0431}{section.1.2}% 6
\BOOKMARK [2][-]{subsection.1.2.2}{Major System Component \0432}{section.1.2}% 7
\BOOKMARK [2][-]{subsection.1.2.3}{Major System Component \0433}{section.1.2}% 8
\BOOKMARK [1][-]{section.1.3}{Systems Goals}{chapter.1}% 9
\BOOKMARK [1][-]{section.1.4}{System Overview and Diagram}{chapter.1}% 10
\BOOKMARK [1][-]{section.1.5}{Technologies Overview}{chapter.1}% 11
\BOOKMARK [0][-]{chapter.2}{Project Overview}{}% 12
\BOOKMARK [1][-]{section.2.1}{Team Members and Roles}{chapter.2}% 13
\BOOKMARK [1][-]{section.2.2}{Project Management Approach}{chapter.2}% 14
\BOOKMARK [1][-]{section.2.3}{Phase Overview}{chapter.2}% 15
\BOOKMARK [1][-]{section.2.4}{Terminology and Acronyms}{chapter.2}% 16
\BOOKMARK [0][-]{chapter.3}{User Stories, Backlog and Requirements}{}% 17
\BOOKMARK [1][-]{section.3.1}{Overview}{chapter.3}% 18
\BOOKMARK [2][-]{subsection.3.1.1}{Scope}{section.3.1}% 19
\BOOKMARK [2][-]{subsection.3.1.2}{Purpose of the System}{section.3.1}% 20
\BOOKMARK [1][-]{section.3.2}{ Stakeholder Information}{chapter.3}% 21
\BOOKMARK [2][-]{subsection.3.2.1}{Customer or End User \(Product Owner\)}{section.3.2}% 22
\BOOKMARK [2][-]{subsection.3.2.2}{Management or Instructor \(Scrum Master\)}{section.3.2}% 23
\BOOKMARK [2][-]{subsection.3.2.3}{Investors}{section.3.2}% 24
\BOOKMARK [2][-]{subsection.3.2.4}{Developers \205Testers}{section.3.2}% 25
\BOOKMARK [1][-]{section.3.3}{Business Need}{chapter.3}% 26
\BOOKMARK [1][-]{section.3.4}{Requirements and Design Constraints}{chapter.3}% 27
\BOOKMARK [2][-]{subsection.3.4.1}{System Requirements}{section.3.4}% 28
\BOOKMARK [2][-]{subsection.3.4.2}{Network Requirements}{section.3.4}% 29
\BOOKMARK [2][-]{subsection.3.4.3}{Development Environment Requirements}{section.3.4}% 30
\BOOKMARK [2][-]{subsection.3.4.4}{Project Management Methodology}{section.3.4}% 31
\BOOKMARK [1][-]{section.3.5}{User Stories}{chapter.3}% 32
\BOOKMARK [2][-]{subsection.3.5.1}{User Story \0431}{section.3.5}% 33
\BOOKMARK [2][-]{subsection.3.5.2}{User Story \0432}{section.3.5}% 34
\BOOKMARK [2][-]{subsection.3.5.3}{User Story \0433}{section.3.5}% 35
\BOOKMARK [1][-]{section.3.6}{Research or Proof of Concept Results}{chapter.3}% 36
\BOOKMARK [1][-]{section.3.7}{Supporting Material}{chapter.3}% 37
\BOOKMARK [0][-]{chapter.4}{Design and Implementation}{}% 38
\BOOKMARK [1][-]{section.4.1}{Major Component \0431 }{chapter.4}% 39
\BOOKMARK [2][-]{subsection.4.1.1}{Technologies Used}{section.4.1}% 40
\BOOKMARK [2][-]{subsection.4.1.2}{Component Overview}{section.4.1}% 41
\BOOKMARK [2][-]{subsection.4.1.3}{Phase Overview}{section.4.1}% 42
\BOOKMARK [2][-]{subsection.4.1.4}{ Architecture Diagram}{section.4.1}% 43
\BOOKMARK [2][-]{subsection.4.1.5}{Data Flow Diagram}{section.4.1}% 44
\BOOKMARK [2][-]{subsection.4.1.6}{Design Details}{section.4.1}% 45
\BOOKMARK [1][-]{section.4.2}{Major Component \0432 }{chapter.4}% 46
\BOOKMARK [2][-]{subsection.4.2.1}{Technologies Used}{section.4.2}% 47
\BOOKMARK [2][-]{subsection.4.2.2}{Component Overview}{section.4.2}% 48
\BOOKMARK [2][-]{subsection.4.2.3}{Phase Overview}{section.4.2}% 49
\BOOKMARK [2][-]{subsection.4.2.4}{ Architecture Diagram}{section.4.2}% 50
\BOOKMARK [2][-]{subsection.4.2.5}{Data Flow Diagram}{section.4.2}% 51
\BOOKMARK [2][-]{subsection.4.2.6}{Design Details}{section.4.2}% 52
\BOOKMARK [1][-]{section.4.3}{Major Component \0433 }{chapter.4}% 53
\BOOKMARK [2][-]{subsection.4.3.1}{Technologies Used}{section.4.3}% 54
\BOOKMARK [2][-]{subsection.4.3.2}{Component Overview}{section.4.3}% 55
\BOOKMARK [2][-]{subsection.4.3.3}{Phase Overview}{section.4.3}% 56
\BOOKMARK [2][-]{subsection.4.3.4}{ Architecture Diagram}{section.4.3}% 57
\BOOKMARK [2][-]{subsection.4.3.5}{Data Flow Diagram}{section.4.3}% 58
\BOOKMARK [2][-]{subsection.4.3.6}{Design Details}{section.4.3}% 59
\BOOKMARK [0][-]{chapter.5}{System and Unit Testing}{}% 60
\BOOKMARK [1][-]{section.5.1}{Overview}{chapter.5}% 61
\BOOKMARK [1][-]{section.5.2}{Dependencies}{chapter.5}% 62
\BOOKMARK [1][-]{section.5.3}{Test Setup and Execution}{chapter.5}% 63
\BOOKMARK [0][-]{chapter.6}{Development Environment}{}% 64
\BOOKMARK [1][-]{section.6.1}{Development IDE and Tools}{chapter.6}% 65
\BOOKMARK [1][-]{section.6.2}{Source Control}{chapter.6}% 66
\BOOKMARK [1][-]{section.6.3}{Dependencies}{chapter.6}% 67
\BOOKMARK [1][-]{section.6.4}{Build Environment}{chapter.6}% 68
\BOOKMARK [1][-]{section.6.5}{Development Machine Setup}{chapter.6}% 69
\BOOKMARK [0][-]{chapter.7}{Release \205 Setup \205 Deployment}{}% 70
\BOOKMARK [1][-]{section.7.1}{Deployment Information and Dependencies}{chapter.7}% 71
\BOOKMARK [1][-]{section.7.2}{Setup Information}{chapter.7}% 72
\BOOKMARK [1][-]{section.7.3}{System Versioning Information}{chapter.7}% 73
\BOOKMARK [0][-]{chapter.8}{User Documentation}{}% 74
\BOOKMARK [1][-]{section.8.1}{User Guide}{chapter.8}% 75
\BOOKMARK [1][-]{section.8.2}{Installation Guide}{chapter.8}% 76
\BOOKMARK [1][-]{section.8.3}{Programmer Manual}{chapter.8}% 77
\BOOKMARK [0][-]{chapter.9}{Class Index}{}% 78
\BOOKMARK [1][-]{section.9.1}{Class List}{chapter.9}% 79
\BOOKMARK [0][-]{chapter.10}{Class Documentation}{}% 80
\BOOKMARK [1][-]{section.10.1}{Poly Class Reference}{chapter.10}% 81
\BOOKMARK [2][-]{subsection.10.1.1}{Constructor \046 Destructor Documentation}{section.10.1}% 82
\BOOKMARK [2][-]{subsection.10.1.2}{Member Function Documentation}{section.10.1}% 83
\BOOKMARK [0][-]{chapter*.7}{Acknowledgement}{}% 84
\BOOKMARK [0][-]{chapter*.8}{Supporting Materials}{}% 85
\BOOKMARK [0][-]{chapter*.9}{Sprint Reports}{}% 86
\BOOKMARK [1][-]{section.10.1}{Sprint Report \0431}{chapter*.9}% 87
\BOOKMARK [1][-]{section.10.2}{Sprint Report \0432}{chapter*.9}% 88
\BOOKMARK [1][-]{section.10.3}{Sprint Report \0433}{chapter*.9}% 89
\BOOKMARK [0][-]{chapter*.10}{Industrial Experience}{}% 90
\BOOKMARK [1][-]{section.10.4}{Resumes}{chapter*.10}% 91
\BOOKMARK [1][-]{section.10.5}{Industrial Experience Reports}{chapter*.10}% 92
\BOOKMARK [2][-]{subsection.10.5.1}{Name1}{section.10.5}% 93
\BOOKMARK [2][-]{subsection.10.5.2}{Name2}{section.10.5}% 94
\BOOKMARK [2][-]{subsection.10.5.3}{Name3}{section.10.5}% 95
\BOOKMARK [0][-]{chapter*.11}{Appendix}{}% 96
\BOOKMARK [1][-]{section.10.1}{Introduction}{chapter*.11}% 97
\BOOKMARK [1][-]{section.10.2}{Ordinary Text}{chapter*.11}% 98
\BOOKMARK [1][-]{section.10.3}{Displayed Text}{chapter*.11}% 99
\BOOKMARK [1][-]{section.10.4}{Build process}{chapter*.11}% 100
